Flow report for Clock_on_FPGA
Tue Jun 06 22:02:45 2023
Quartus II Version 9.0 Build 235 06/17/2009 Service Pack 2 SJ Web Edition


---------------------
; Table of Contents ;
---------------------
  1. Legal Notice
  2. Flow Summary
  3. Flow Settings
  4. Flow Non-Default Global Settings
  5. Flow Elapsed Time
  6. Flow OS Summary
  7. Flow Log



----------------
; Legal Notice ;
----------------
Copyright (C) 1991-2009 Altera Corporation
Your use of Altera Corporation's design tools, logic functions 
and other software and tools, and its AMPP partner logic 
functions, and any output files from any of the foregoing 
(including device programming or simulation files), and any 
associated documentation or information are expressly subject 
to the terms and conditions of the Altera Program License 
Subscription Agreement, Altera MegaCore Function License 
Agreement, or other applicable license agreement, including, 
without limitation, that your use is for the sole purpose of 
programming logic devices manufactured by Altera and sold by 
Altera or its authorized distributors.  Please refer to the 
applicable agreement for further details.



+------------------------------------------------------------------------+
; Flow Summary                                                           ;
+-------------------------+----------------------------------------------+
; Flow Status             ; Successful - Tue Jun 06 22:02:44 2023        ;
; Quartus II Version      ; 9.0 Build 235 06/17/2009 SP 2 SJ Web Edition ;
; Revision Name           ; Clock_on_FPGA                                ;
; Top-level Entity Name   ; Clock_on_FPGA                                ;
; Family                  ; MAX7000S                                     ;
; Device                  ; EPM7128SLC84-15                              ;
; Timing Models           ; Final                                        ;
; Met timing requirements ; No                                           ;
; Total macrocells        ; 123 / 128 ( 96 % )                           ;
; Total pins              ; 48 / 68 ( 71 % )                             ;
+-------------------------+----------------------------------------------+


+-----------------------------------------+
; Flow Settings                           ;
+-------------------+---------------------+
; Option            ; Setting             ;
+-------------------+---------------------+
; Start date & time ; 06/06/2023 22:02:29 ;
; Main task         ; Compilation         ;
; Revision Name     ; Clock_on_FPGA       ;
+-------------------+---------------------+


+---------------------------------------------------------------------------------------------------------------------------------------------------------------------------------+
; Flow Non-Default Global Settings                                                                                                                                                ;
+------------------------------------+---------------------------------------------------------------------------------------------+---------------+-------------+----------------+
; Assignment Name                    ; Value                                                                                       ; Default Value ; Entity Name ; Section Id     ;
+------------------------------------+---------------------------------------------------------------------------------------------+---------------+-------------+----------------+
; COMPILER_SIGNATURE_ID              ; 225054011042295.168606014806600                                                             ; --            ; --          ; --             ;
; FITTER_EFFORT                      ; Standard Fit                                                                                ; Auto Fit      ; --          ; --             ;
; MISC_FILE                          ; D:/Q9/Quartus II 9.0/project/Clock_on_FPGA/Clock_on_FPGA.dpf                                ; --            ; --          ; --             ;
; MISC_FILE                          ; C:/Users/Administrator/Desktop/Clock_on_FPGA/Clock_on_FPGA.dpf                              ; --            ; --          ; --             ;
; MISC_FILE                          ; C:/Users/Administrator/Desktop/Clock_on_FPGA/Clock_on_FPGA/Clock_on_FPGA.dpf                ; --            ; --          ; --             ;
; MISC_FILE                          ; C:/Users/zh/Desktop/Clock_on_FPGA3/Clock_on_FPGA/Clock_on_FPGA/Clock_on_FPGA.dpf            ; --            ; --          ; --             ;
; MISC_FILE                          ; C:/Users/Administrator/Desktop/Clock_on_FPGA3/Clock_on_FPGA/Clock_on_FPGA/Clock_on_FPGA.dpf ; --            ; --          ; --             ;
; MISC_FILE                          ; C:/Users/10522/Desktop/Clock_on_FPGA/Clock_on_FPGA.dpf                                      ; --            ; --          ; --             ;
; MISC_FILE                          ; C:/Users/Administrator/Desktop/Clock_on_FPGA(1)/Clock_on_FPGA/Clock_on_FPGA.dpf             ; --            ; --          ; --             ;
; MISC_FILE                          ; C:/Users/Administrator/Desktop/Clock_on_FPGA6.0(只有乱跳）/Clock_on_FPGA/Clock_on_FPGA.dpf  ; --            ; --          ; --             ;
; MISC_FILE                          ; C:/Users/Administrator/Desktop/Clock_on_FPGA8.3/Clock_on_FPGA/Clock_on_FPGA.dpf             ; --            ; --          ; --             ;
; MISC_FILE                          ; D:/Desktop/Clock_on_FPGA9.2(完成音乐，存在bug）/Clock_on_FPGA/Clock_on_FPGA.dpf             ; --            ; --          ; --             ;
; OPTIMIZE_HOLD_TIMING               ; IO Paths and Minimum TPD Paths                                                              ; --            ; --          ; --             ;
; PARTITION_COLOR                    ; 16764057                                                                                    ; --            ; --          ; Top            ;
; PARTITION_NETLIST_TYPE             ; SOURCE                                                                                      ; --            ; --          ; Top            ;
; USE_GENERATED_PHYSICAL_CONSTRAINTS ; Off                                                                                         ; --            ; --          ; eda_blast_fpga ;
+------------------------------------+---------------------------------------------------------------------------------------------+---------------+-------------+----------------+


+-----------------------------------------------------------------------------------------------------------------------------+
; Flow Elapsed Time                                                                                                           ;
+-------------------------+--------------+-------------------------+---------------------+------------------------------------+
; Module Name             ; Elapsed Time ; Average Processors Used ; Peak Virtual Memory ; Total CPU Time (on all processors) ;
+-------------------------+--------------+-------------------------+---------------------+------------------------------------+
; Analysis & Synthesis    ; 00:00:08     ; 1.0                     ; 237 MB              ; 00:00:03                           ;
; Fitter                  ; 00:00:00     ; 1.0                     ; 189 MB              ; 00:00:00                           ;
; Assembler               ; 00:00:01     ; 1.0                     ; 189 MB              ; 00:00:00                           ;
; Classic Timing Analyzer ; 00:00:01     ; 1.0                     ; 164 MB              ; 00:00:00                           ;
; Total                   ; 00:00:10     ; --                      ; --                  ; 00:00:03                           ;
+-------------------------+--------------+-------------------------+---------------------+------------------------------------+


+------------------------------------------------------------------------------------------+
; Flow OS Summary                                                                          ;
+-------------------------+------------------+---------------+------------+----------------+
; Module Name             ; Machine Hostname ; OS Name       ; OS Version ; Processor type ;
+-------------------------+------------------+---------------+------------+----------------+
; Analysis & Synthesis    ; WIN-BLPF2THLFJ0  ; Windows Vista ; 6.1        ; x86_64         ;
; Fitter                  ; WIN-BLPF2THLFJ0  ; Windows Vista ; 6.1        ; x86_64         ;
; Assembler               ; WIN-BLPF2THLFJ0  ; Windows Vista ; 6.1        ; x86_64         ;
; Classic Timing Analyzer ; WIN-BLPF2THLFJ0  ; Windows Vista ; 6.1        ; x86_64         ;
+-------------------------+------------------+---------------+------------+----------------+


------------
; Flow Log ;
------------
quartus_map --read_settings_files=on --write_settings_files=off Clock_on_FPGA -c Clock_on_FPGA
quartus_fit --read_settings_files=off --write_settings_files=off Clock_on_FPGA -c Clock_on_FPGA
quartus_asm --read_settings_files=off --write_settings_files=off Clock_on_FPGA -c Clock_on_FPGA
quartus_tan --read_settings_files=off --write_settings_files=off Clock_on_FPGA -c Clock_on_FPGA



