Analysis & Synthesis report for fillpills
Tue Jun 06 22:00:59 2023
Quartus II Version 9.0 Build 235 06/17/2009 Service Pack 2 SJ Web Edition


---------------------
; Table of Contents ;
---------------------
  1. Legal Notice
  2. Analysis & Synthesis Summary
  3. Analysis & Synthesis Settings
  4. Analysis & Synthesis Source Files Read
  5. Analysis & Synthesis Resource Usage Summary
  6. Analysis & Synthesis Resource Utilization by Entity
  7. User-Specified and Inferred Latches
  8. Port Connectivity Checks: "counter_10:cnt_tpth"
  9. Port Connectivity Checks: "counter_10:cnt_bt"
 10. Port Connectivity Checks: "counter_10:cnt_cpt"
 11. Analysis & Synthesis Messages



----------------
; Legal Notice ;
----------------
Copyright (C) 1991-2009 Altera Corporation
Your use of Altera Corporation's design tools, logic functions 
and other software and tools, and its AMPP partner logic 
functions, and any output files from any of the foregoing 
(including device programming or simulation files), and any 
associated documentation or information are expressly subject 
to the terms and conditions of the Altera Program License 
Subscription Agreement, Altera MegaCore Function License 
Agreement, or other applicable license agreement, including, 
without limitation, that your use is for the sole purpose of 
programming logic devices manufactured by Altera and sold by 
Altera or its authorized distributors.  Please refer to the 
applicable agreement for further details.



+----------------------------------------------------------------------------+
; Analysis & Synthesis Summary                                               ;
+-----------------------------+----------------------------------------------+
; Analysis & Synthesis Status ; Successful - Tue Jun 06 22:00:59 2023        ;
; Quartus II Version          ; 9.0 Build 235 06/17/2009 SP 2 SJ Web Edition ;
; Revision Name               ; fillpills                                    ;
; Top-level Entity Name       ; fillpills                                    ;
; Family                      ; MAX7000S                                     ;
; Total macrocells            ; 105                                          ;
; Total pins                  ; 36                                           ;
+-----------------------------+----------------------------------------------+


+------------------------------------------------------------------------------------------------+
; Analysis & Synthesis Settings                                                                  ;
+--------------------------------------------------------------+-----------------+---------------+
; Option                                                       ; Setting         ; Default Value ;
+--------------------------------------------------------------+-----------------+---------------+
; Device                                                       ; EPM7128SLC84-15 ;               ;
; Top-level entity name                                        ; fillpills       ; fillpills     ;
; Family name                                                  ; MAX7000S        ; Stratix II    ;
; Use Generated Physical Constraints File                      ; Off             ;               ;
; Use smart compilation                                        ; Off             ; Off           ;
; Create Debugging Nodes for IP Cores                          ; Off             ; Off           ;
; Preserve fewer node names                                    ; On              ; On            ;
; Disable OpenCore Plus hardware evaluation                    ; Off             ; Off           ;
; Verilog Version                                              ; Verilog_2001    ; Verilog_2001  ;
; VHDL Version                                                 ; VHDL93          ; VHDL93        ;
; State Machine Processing                                     ; Auto            ; Auto          ;
; Safe State Machine                                           ; Off             ; Off           ;
; Extract Verilog State Machines                               ; On              ; On            ;
; Extract VHDL State Machines                                  ; On              ; On            ;
; Ignore Verilog initial constructs                            ; Off             ; Off           ;
; Iteration limit for constant Verilog loops                   ; 5000            ; 5000          ;
; Iteration limit for non-constant Verilog loops               ; 250             ; 250           ;
; Add Pass-Through Logic to Inferred RAMs                      ; On              ; On            ;
; Parallel Synthesis                                           ; On              ; On            ;
; NOT Gate Push-Back                                           ; On              ; On            ;
; Power-Up Don't Care                                          ; On              ; On            ;
; Remove Duplicate Registers                                   ; On              ; On            ;
; Ignore CARRY Buffers                                         ; Off             ; Off           ;
; Ignore CASCADE Buffers                                       ; Off             ; Off           ;
; Ignore GLOBAL Buffers                                        ; Off             ; Off           ;
; Ignore ROW GLOBAL Buffers                                    ; Off             ; Off           ;
; Ignore LCELL Buffers                                         ; Auto            ; Auto          ;
; Ignore SOFT Buffers                                          ; Off             ; Off           ;
; Limit AHDL Integers to 32 Bits                               ; Off             ; Off           ;
; Optimization Technique                                       ; Speed           ; Speed         ;
; Allow XOR Gate Usage                                         ; On              ; On            ;
; Auto Logic Cell Insertion                                    ; On              ; On            ;
; Parallel Expander Chain Length                               ; 4               ; 4             ;
; Auto Parallel Expanders                                      ; On              ; On            ;
; Auto Open-Drain Pins                                         ; On              ; On            ;
; Auto Resource Sharing                                        ; Off             ; Off           ;
; Maximum Fan-in Per Macrocell                                 ; 100             ; 100           ;
; Use LogicLock Constraints during Resource Balancing          ; On              ; On            ;
; Ignore translate_off and synthesis_off directives            ; Off             ; Off           ;
; Show Parameter Settings Tables in Synthesis Report           ; On              ; On            ;
; HDL message level                                            ; Level2          ; Level2        ;
; Suppress Register Optimization Related Messages              ; Off             ; Off           ;
; Number of Removed Registers Reported in Synthesis Report     ; 5000            ; 5000          ;
; Number of Inverted Registers Reported in Synthesis Report    ; 100             ; 100           ;
; Block Design Naming                                          ; Auto            ; Auto          ;
; Synthesis Effort                                             ; Auto            ; Auto          ;
; Shift Register Replacement - Allow Asynchronous Clear Signal ; On              ; On            ;
; Analysis & Synthesis Message Level                           ; Medium          ; Medium        ;
+--------------------------------------------------------------+-----------------+---------------+


+---------------------------------------------------------------------------------------------------------+
; Analysis & Synthesis Source Files Read                                                                  ;
+----------------------------------+-----------------+-----------------+----------------------------------+
; File Name with User-Entered Path ; Used in Netlist ; File Type       ; File Name with Absolute Path     ;
+----------------------------------+-----------------+-----------------+----------------------------------+
; fillpills.vhd                    ; yes             ; User VHDL File  ; F:/药品装配最终版/fillpills.vhd  ;
; counter_10.vhd                   ; yes             ; User VHDL File  ; F:/药品装配最终版/counter_10.vhd ;
+----------------------------------+-----------------+-----------------+----------------------------------+


+---------------------------------------------+
; Analysis & Synthesis Resource Usage Summary ;
+----------------------+----------------------+
; Resource             ; Usage                ;
+----------------------+----------------------+
; Logic cells          ; 105                  ;
; Total registers      ; 61                   ;
; I/O pins             ; 36                   ;
; Shareable expanders  ; 15                   ;
; Parallel expanders   ; 9                    ;
; Maximum fan-out node ; mode                 ;
; Maximum fan-out      ; 84                   ;
; Total fan-out        ; 803                  ;
; Average fan-out      ; 5.15                 ;
+----------------------+----------------------+


+------------------------------------------------------------------------------------------------+
; Analysis & Synthesis Resource Utilization by Entity                                            ;
+----------------------------+------------+------+--------------------------------+--------------+
; Compilation Hierarchy Node ; Macrocells ; Pins ; Full Hierarchy Name            ; Library Name ;
+----------------------------+------------+------+--------------------------------+--------------+
; |fillpills                 ; 105        ; 36   ; |fillpills                     ; work         ;
;    |counter_10:cnt_bo|     ; 6          ; 0    ; |fillpills|counter_10:cnt_bo   ; work         ;
;    |counter_10:cnt_bt|     ; 5          ; 0    ; |fillpills|counter_10:cnt_bt   ; work         ;
;    |counter_10:cnt_cpo|    ; 7          ; 0    ; |fillpills|counter_10:cnt_cpo  ; work         ;
;    |counter_10:cnt_cpt|    ; 5          ; 0    ; |fillpills|counter_10:cnt_cpt  ; work         ;
;    |counter_10:cnt_tph|    ; 6          ; 0    ; |fillpills|counter_10:cnt_tph  ; work         ;
;    |counter_10:cnt_tpo|    ; 6          ; 0    ; |fillpills|counter_10:cnt_tpo  ; work         ;
;    |counter_10:cnt_tpth|   ; 5          ; 0    ; |fillpills|counter_10:cnt_tpth ; work         ;
;    |counter_10:cnt_tpt|    ; 6          ; 0    ; |fillpills|counter_10:cnt_tpt  ; work         ;
+----------------------------+------------+------+--------------------------------+--------------+


+---------------------------------------------------------------------------------------------------+
; User-Specified and Inferred Latches                                                               ;
+----------------------------------------------------+---------------------+------------------------+
; Latch Name                                         ; Latch Enable Signal ; Free of Timing Hazards ;
+----------------------------------------------------+---------------------+------------------------+
; clk_in                                             ; process_2~1         ; yes                    ;
; Number of user-specified and inferred latches = 1  ;                     ;                        ;
+----------------------------------------------------+---------------------+------------------------+
Note: All latches listed above may not be present at the end of synthesis due to various synthesis optimizations.


+----------------------------------------------------------------------------------------------------------------+
; Port Connectivity Checks: "counter_10:cnt_tpth"                                                                ;
+------+--------+----------+-------------------------------------------------------------------------------------+
; Port ; Type   ; Severity ; Details                                                                             ;
+------+--------+----------+-------------------------------------------------------------------------------------+
; co   ; Output ; Info     ; Connected to dangling logic. Logic that only feeds a dangling port will be removed. ;
+------+--------+----------+-------------------------------------------------------------------------------------+


+----------------------------------------------------------------------------------------------------------------+
; Port Connectivity Checks: "counter_10:cnt_bt"                                                                  ;
+------+--------+----------+-------------------------------------------------------------------------------------+
; Port ; Type   ; Severity ; Details                                                                             ;
+------+--------+----------+-------------------------------------------------------------------------------------+
; co   ; Output ; Info     ; Connected to dangling logic. Logic that only feeds a dangling port will be removed. ;
+------+--------+----------+-------------------------------------------------------------------------------------+


+----------------------------------------------------------------------------------------------------------------+
; Port Connectivity Checks: "counter_10:cnt_cpt"                                                                 ;
+------+--------+----------+-------------------------------------------------------------------------------------+
; Port ; Type   ; Severity ; Details                                                                             ;
+------+--------+----------+-------------------------------------------------------------------------------------+
; co   ; Output ; Info     ; Connected to dangling logic. Logic that only feeds a dangling port will be removed. ;
+------+--------+----------+-------------------------------------------------------------------------------------+


+-------------------------------+
; Analysis & Synthesis Messages ;
+-------------------------------+
Info: *******************************************************************
Info: Running Quartus II Analysis & Synthesis
    Info: Version 9.0 Build 235 06/17/2009 Service Pack 2 SJ Web Edition
    Info: Processing started: Tue Jun 06 22:00:56 2023
Info: Command: quartus_map --read_settings_files=on --write_settings_files=off fillpills -c fillpills
Info: Found 2 design units, including 1 entities, in source file fillpills.vhd
    Info: Found design unit 1: fillpills-arc
    Info: Found entity 1: fillpills
Info: Found 2 design units, including 1 entities, in source file counter_10.vhd
    Info: Found design unit 1: counter_10-arc
    Info: Found entity 1: counter_10
Info: Elaborating entity "fillpills" for the top level hierarchy
Warning (10492): VHDL Process Statement warning at fillpills.vhd(74): signal "mode" is read inside the Process Statement but isn't in the Process Statement's sensitivity list
Warning (10492): VHDL Process Statement warning at fillpills.vhd(92): signal "mode" is read inside the Process Statement but isn't in the Process Statement's sensitivity list
Warning (10492): VHDL Process Statement warning at fillpills.vhd(92): signal "finish" is read inside the Process Statement but isn't in the Process Statement's sensitivity list
Warning (10492): VHDL Process Statement warning at fillpills.vhd(96): signal "cpo" is read inside the Process Statement but isn't in the Process Statement's sensitivity list
Warning (10492): VHDL Process Statement warning at fillpills.vhd(96): signal "npo" is read inside the Process Statement but isn't in the Process Statement's sensitivity list
Warning (10492): VHDL Process Statement warning at fillpills.vhd(96): signal "cpt" is read inside the Process Statement but isn't in the Process Statement's sensitivity list
Warning (10492): VHDL Process Statement warning at fillpills.vhd(96): signal "npt" is read inside the Process Statement but isn't in the Process Statement's sensitivity list
Warning (10492): VHDL Process Statement warning at fillpills.vhd(97): signal "clr" is read inside the Process Statement but isn't in the Process Statement's sensitivity list
Warning (10492): VHDL Process Statement warning at fillpills.vhd(98): signal "clr" is read inside the Process Statement but isn't in the Process Statement's sensitivity list
Warning (10492): VHDL Process Statement warning at fillpills.vhd(101): signal "clr" is read inside the Process Statement but isn't in the Process Statement's sensitivity list
Warning (10492): VHDL Process Statement warning at fillpills.vhd(102): signal "clr" is read inside the Process Statement but isn't in the Process Statement's sensitivity list
Warning (10492): VHDL Process Statement warning at fillpills.vhd(106): signal "nbo" is read inside the Process Statement but isn't in the Process Statement's sensitivity list
Warning (10492): VHDL Process Statement warning at fillpills.vhd(106): signal "cbo" is read inside the Process Statement but isn't in the Process Statement's sensitivity list
Warning (10492): VHDL Process Statement warning at fillpills.vhd(106): signal "nbt" is read inside the Process Statement but isn't in the Process Statement's sensitivity list
Warning (10492): VHDL Process Statement warning at fillpills.vhd(106): signal "cbt" is read inside the Process Statement but isn't in the Process Statement's sensitivity list
Warning (10492): VHDL Process Statement warning at fillpills.vhd(107): signal "clr" is read inside the Process Statement but isn't in the Process Statement's sensitivity list
Warning (10492): VHDL Process Statement warning at fillpills.vhd(108): signal "clr" is read inside the Process Statement but isn't in the Process Statement's sensitivity list
Warning (10492): VHDL Process Statement warning at fillpills.vhd(111): signal "clr" is read inside the Process Statement but isn't in the Process Statement's sensitivity list
Warning (10492): VHDL Process Statement warning at fillpills.vhd(112): signal "clr" is read inside the Process Statement but isn't in the Process Statement's sensitivity list
Warning (10492): VHDL Process Statement warning at fillpills.vhd(115): signal "clr" is read inside the Process Statement but isn't in the Process Statement's sensitivity list
Warning (10631): VHDL Process Statement warning at fillpills.vhd(90): inferring latch(es) for signal or variable "clk_in", which holds its previous value in one or more paths through the process
Warning (10492): VHDL Process Statement warning at fillpills.vhd(126): signal "cpt" is read inside the Process Statement but isn't in the Process Statement's sensitivity list
Warning (10492): VHDL Process Statement warning at fillpills.vhd(127): signal "cpo" is read inside the Process Statement but isn't in the Process Statement's sensitivity list
Warning (10492): VHDL Process Statement warning at fillpills.vhd(128): signal "cbt" is read inside the Process Statement but isn't in the Process Statement's sensitivity list
Warning (10492): VHDL Process Statement warning at fillpills.vhd(129): signal "cbo" is read inside the Process Statement but isn't in the Process Statement's sensitivity list
Warning (10492): VHDL Process Statement warning at fillpills.vhd(132): signal "tpth" is read inside the Process Statement but isn't in the Process Statement's sensitivity list
Warning (10492): VHDL Process Statement warning at fillpills.vhd(133): signal "tph" is read inside the Process Statement but isn't in the Process Statement's sensitivity list
Warning (10492): VHDL Process Statement warning at fillpills.vhd(134): signal "tpt" is read inside the Process Statement but isn't in the Process Statement's sensitivity list
Warning (10492): VHDL Process Statement warning at fillpills.vhd(135): signal "tpo" is read inside the Process Statement but isn't in the Process Statement's sensitivity list
Warning (10492): VHDL Process Statement warning at fillpills.vhd(139): signal "input_control" is read inside the Process Statement but isn't in the Process Statement's sensitivity list
Warning (10492): VHDL Process Statement warning at fillpills.vhd(140): signal "clk_1hz" is read inside the Process Statement but isn't in the Process Statement's sensitivity list
Warning (10492): VHDL Process Statement warning at fillpills.vhd(141): signal "npo" is read inside the Process Statement but isn't in the Process Statement's sensitivity list
Warning (10492): VHDL Process Statement warning at fillpills.vhd(145): signal "npt" is read inside the Process Statement but isn't in the Process Statement's sensitivity list
Warning (10492): VHDL Process Statement warning at fillpills.vhd(146): signal "nbt" is read inside the Process Statement but isn't in the Process Statement's sensitivity list
Warning (10492): VHDL Process Statement warning at fillpills.vhd(147): signal "nbo" is read inside the Process Statement but isn't in the Process Statement's sensitivity list
Warning (10492): VHDL Process Statement warning at fillpills.vhd(149): signal "input_control" is read inside the Process Statement but isn't in the Process Statement's sensitivity list
Warning (10492): VHDL Process Statement warning at fillpills.vhd(150): signal "clk_1hz" is read inside the Process Statement but isn't in the Process Statement's sensitivity list
Warning (10492): VHDL Process Statement warning at fillpills.vhd(151): signal "npt" is read inside the Process Statement but isn't in the Process Statement's sensitivity list
Warning (10492): VHDL Process Statement warning at fillpills.vhd(155): signal "npo" is read inside the Process Statement but isn't in the Process Statement's sensitivity list
Warning (10492): VHDL Process Statement warning at fillpills.vhd(156): signal "nbt" is read inside the Process Statement but isn't in the Process Statement's sensitivity list
Warning (10492): VHDL Process Statement warning at fillpills.vhd(157): signal "nbo" is read inside the Process Statement but isn't in the Process Statement's sensitivity list
Warning (10492): VHDL Process Statement warning at fillpills.vhd(159): signal "input_control" is read inside the Process Statement but isn't in the Process Statement's sensitivity list
Warning (10492): VHDL Process Statement warning at fillpills.vhd(160): signal "clk_1hz" is read inside the Process Statement but isn't in the Process Statement's sensitivity list
Warning (10492): VHDL Process Statement warning at fillpills.vhd(161): signal "nbo" is read inside the Process Statement but isn't in the Process Statement's sensitivity list
Warning (10492): VHDL Process Statement warning at fillpills.vhd(165): signal "npt" is read inside the Process Statement but isn't in the Process Statement's sensitivity list
Warning (10492): VHDL Process Statement warning at fillpills.vhd(166): signal "nbt" is read inside the Process Statement but isn't in the Process Statement's sensitivity list
Warning (10492): VHDL Process Statement warning at fillpills.vhd(167): signal "npo" is read inside the Process Statement but isn't in the Process Statement's sensitivity list
Warning (10492): VHDL Process Statement warning at fillpills.vhd(170): signal "clk_1hz" is read inside the Process Statement but isn't in the Process Statement's sensitivity list
Warning (10492): VHDL Process Statement warning at fillpills.vhd(171): signal "nbt" is read inside the Process Statement but isn't in the Process Statement's sensitivity list
Warning (10492): VHDL Process Statement warning at fillpills.vhd(175): signal "npt" is read inside the Process Statement but isn't in the Process Statement's sensitivity list
Warning (10492): VHDL Process Statement warning at fillpills.vhd(176): signal "npo" is read inside the Process Statement but isn't in the Process Statement's sensitivity list
Warning (10492): VHDL Process Statement warning at fillpills.vhd(177): signal "nbo" is read inside the Process Statement but isn't in the Process Statement's sensitivity list
Warning (10492): VHDL Process Statement warning at fillpills.vhd(194): signal "error" is read inside the Process Statement but isn't in the Process Statement's sensitivity list
Warning (10492): VHDL Process Statement warning at fillpills.vhd(195): signal "clk_buzzer" is read inside the Process Statement but isn't in the Process Statement's sensitivity list
Warning (10492): VHDL Process Statement warning at fillpills.vhd(196): signal "finish" is read inside the Process Statement but isn't in the Process Statement's sensitivity list
Warning (10492): VHDL Process Statement warning at fillpills.vhd(196): signal "buzzer_count" is read inside the Process Statement but isn't in the Process Statement's sensitivity list
Warning (10492): VHDL Process Statement warning at fillpills.vhd(197): signal "clk_buzzer" is read inside the Process Statement but isn't in the Process Statement's sensitivity list
Info (10041): Inferred latch for "clk_in" at fillpills.vhd(90)
Info: Elaborating entity "counter_10" for hierarchy "counter_10:cnt_cpo"
Info: Implemented 156 device resources after synthesis - the final resource count might be different
    Info: Implemented 13 input pins
    Info: Implemented 23 output pins
    Info: Implemented 105 macrocells
    Info: Implemented 15 shareable expanders
Info: Quartus II Analysis & Synthesis was successful. 0 errors, 57 warnings
    Info: Peak virtual memory: 236 megabytes
    Info: Processing ended: Tue Jun 06 22:01:00 2023
    Info: Elapsed time: 00:00:04
    Info: Total CPU time (on all processors): 00:00:02


